[2021-05-17 07:55:16,552] {taskinstance.py:851} INFO - Dependencies all met for <TaskInstance: etl_postgresql2mongo.read_table_as_DF 2021-05-17T07:50:00+00:00 [queued]>
[2021-05-17 07:55:16,567] {taskinstance.py:851} INFO - Dependencies all met for <TaskInstance: etl_postgresql2mongo.read_table_as_DF 2021-05-17T07:50:00+00:00 [queued]>
[2021-05-17 07:55:16,567] {taskinstance.py:1042} INFO - 
--------------------------------------------------------------------------------
[2021-05-17 07:55:16,567] {taskinstance.py:1043} INFO - Starting attempt 1 of 1
[2021-05-17 07:55:16,567] {taskinstance.py:1044} INFO - 
--------------------------------------------------------------------------------
[2021-05-17 07:55:16,576] {taskinstance.py:1063} INFO - Executing <Task(PythonOperator): read_table_as_DF> on 2021-05-17T07:50:00+00:00
[2021-05-17 07:55:16,580] {standard_task_runner.py:52} INFO - Started process 365 to run task
[2021-05-17 07:55:16,583] {standard_task_runner.py:76} INFO - Running: ['airflow', 'tasks', 'run', 'etl_postgresql2mongo', 'read_table_as_DF', '2021-05-17T07:50:00+00:00', '--job-id', '47', '--pool', 'default_pool', '--raw', '--subdir', 'DAGS_FOLDER/csv_postgres_2_mongo.py', '--cfg-path', '/tmp/tmpupz9ullw', '--error-file', '/tmp/tmpy0kztdsv']
[2021-05-17 07:55:16,583] {standard_task_runner.py:77} INFO - Job 47: Subtask read_table_as_DF
[2021-05-17 07:55:16,666] {logging_mixin.py:104} INFO - Running <TaskInstance: etl_postgresql2mongo.read_table_as_DF 2021-05-17T07:50:00+00:00 [running]> on host d0d96188f4f7
[2021-05-17 07:55:16,714] {taskinstance.py:1257} INFO - Exporting the following env vars:
AIRFLOW_CTX_DAG_OWNER=airflow
AIRFLOW_CTX_DAG_ID=etl_postgresql2mongo
AIRFLOW_CTX_TASK_ID=read_table_as_DF
AIRFLOW_CTX_EXECUTION_DATE=2021-05-17T07:50:00+00:00
AIRFLOW_CTX_DAG_RUN_ID=scheduled__2021-05-17T07:50:00+00:00
[2021-05-17 07:55:16,753] {logging_mixin.py:104} INFO -             name  age  ...         lng        lat
0  Joseph Howard   67  ... -171.999358  -3.741826
1     Sarah Gray   22  ...  172.076006  65.996260
2   Kelly Morton   22  ...    7.983681  33.404717
3  Nicole Hughes   37  ...   69.406849  61.139549
4   Beverly Lane   49  ...  -65.149032 -25.641057

[5 rows x 8 columns]
[2021-05-17 07:55:16,753] {python.py:118} INFO - Done. Returned value was: None
[2021-05-17 07:55:16,765] {taskinstance.py:1166} INFO - Marking task as SUCCESS. dag_id=etl_postgresql2mongo, task_id=read_table_as_DF, execution_date=20210517T075000, start_date=20210517T075516, end_date=20210517T075516
[2021-05-17 07:55:16,799] {taskinstance.py:1220} INFO - 1 downstream tasks scheduled from follow-on schedule check
[2021-05-17 07:55:16,834] {local_task_job.py:146} INFO - Task exited with return code 0
