[2021-05-17 07:40:06,567] {taskinstance.py:851} INFO - Dependencies all met for <TaskInstance: etl_postgresql2mongo.install_tools 2021-05-17T07:35:00+00:00 [queued]>
[2021-05-17 07:40:06,582] {taskinstance.py:851} INFO - Dependencies all met for <TaskInstance: etl_postgresql2mongo.install_tools 2021-05-17T07:35:00+00:00 [queued]>
[2021-05-17 07:40:06,582] {taskinstance.py:1042} INFO - 
--------------------------------------------------------------------------------
[2021-05-17 07:40:06,582] {taskinstance.py:1043} INFO - Starting attempt 1 of 1
[2021-05-17 07:40:06,582] {taskinstance.py:1044} INFO - 
--------------------------------------------------------------------------------
[2021-05-17 07:40:06,591] {taskinstance.py:1063} INFO - Executing <Task(PythonOperator): install_tools> on 2021-05-17T07:35:00+00:00
[2021-05-17 07:40:06,594] {standard_task_runner.py:52} INFO - Started process 204 to run task
[2021-05-17 07:40:06,597] {standard_task_runner.py:76} INFO - Running: ['airflow', 'tasks', 'run', 'etl_postgresql2mongo', 'install_tools', '2021-05-17T07:35:00+00:00', '--job-id', '34', '--pool', 'default_pool', '--raw', '--subdir', 'DAGS_FOLDER/csv_postgres_2_mongo.py', '--cfg-path', '/tmp/tmpc5g5htxm', '--error-file', '/tmp/tmpfbfvc15i']
[2021-05-17 07:40:06,598] {standard_task_runner.py:77} INFO - Job 34: Subtask install_tools
[2021-05-17 07:40:06,638] {logging_mixin.py:104} INFO - Running <TaskInstance: etl_postgresql2mongo.install_tools 2021-05-17T07:35:00+00:00 [running]> on host d0d96188f4f7
[2021-05-17 07:40:06,676] {taskinstance.py:1257} INFO - Exporting the following env vars:
AIRFLOW_CTX_DAG_OWNER=airflow
AIRFLOW_CTX_DAG_ID=etl_postgresql2mongo
AIRFLOW_CTX_TASK_ID=install_tools
AIRFLOW_CTX_EXECUTION_DATE=2021-05-17T07:35:00+00:00
AIRFLOW_CTX_DAG_RUN_ID=scheduled__2021-05-17T07:35:00+00:00
[2021-05-17 07:40:06,729] {python.py:118} INFO - Done. Returned value was: None
[2021-05-17 07:40:06,738] {taskinstance.py:1166} INFO - Marking task as SUCCESS. dag_id=etl_postgresql2mongo, task_id=install_tools, execution_date=20210517T073500, start_date=20210517T074006, end_date=20210517T074006
[2021-05-17 07:40:06,766] {taskinstance.py:1220} INFO - 1 downstream tasks scheduled from follow-on schedule check
[2021-05-17 07:40:06,808] {local_task_job.py:146} INFO - Task exited with return code 0
