[2021-05-17 07:45:15,154] {taskinstance.py:851} INFO - Dependencies all met for <TaskInstance: etl_postgresql2mongo.read_table_as_DF 2021-05-17T07:40:00+00:00 [queued]>
[2021-05-17 07:45:15,184] {taskinstance.py:851} INFO - Dependencies all met for <TaskInstance: etl_postgresql2mongo.read_table_as_DF 2021-05-17T07:40:00+00:00 [queued]>
[2021-05-17 07:45:15,184] {taskinstance.py:1042} INFO - 
--------------------------------------------------------------------------------
[2021-05-17 07:45:15,184] {taskinstance.py:1043} INFO - Starting attempt 1 of 1
[2021-05-17 07:45:15,184] {taskinstance.py:1044} INFO - 
--------------------------------------------------------------------------------
[2021-05-17 07:45:15,199] {taskinstance.py:1063} INFO - Executing <Task(PythonOperator): read_table_as_DF> on 2021-05-17T07:40:00+00:00
[2021-05-17 07:45:15,204] {standard_task_runner.py:52} INFO - Started process 265 to run task
[2021-05-17 07:45:15,208] {standard_task_runner.py:76} INFO - Running: ['airflow', 'tasks', 'run', 'etl_postgresql2mongo', 'read_table_as_DF', '2021-05-17T07:40:00+00:00', '--job-id', '39', '--pool', 'default_pool', '--raw', '--subdir', 'DAGS_FOLDER/csv_postgres_2_mongo.py', '--cfg-path', '/tmp/tmplkuidait', '--error-file', '/tmp/tmp0qfccnin']
[2021-05-17 07:45:15,209] {standard_task_runner.py:77} INFO - Job 39: Subtask read_table_as_DF
[2021-05-17 07:45:15,260] {logging_mixin.py:104} INFO - Running <TaskInstance: etl_postgresql2mongo.read_table_as_DF 2021-05-17T07:40:00+00:00 [running]> on host d0d96188f4f7
[2021-05-17 07:45:15,308] {taskinstance.py:1257} INFO - Exporting the following env vars:
AIRFLOW_CTX_DAG_OWNER=airflow
AIRFLOW_CTX_DAG_ID=etl_postgresql2mongo
AIRFLOW_CTX_TASK_ID=read_table_as_DF
AIRFLOW_CTX_EXECUTION_DATE=2021-05-17T07:40:00+00:00
AIRFLOW_CTX_DAG_RUN_ID=scheduled__2021-05-17T07:40:00+00:00
[2021-05-17 07:45:15,370] {logging_mixin.py:104} INFO -             name  age  ...         lng        lat
0  Joseph Howard   67  ... -171.999358  -3.741826
1     Sarah Gray   22  ...  172.076006  65.996260
2   Kelly Morton   22  ...    7.983681  33.404717
3  Nicole Hughes   37  ...   69.406849  61.139549
4   Beverly Lane   49  ...  -65.149032 -25.641057

[5 rows x 8 columns]
[2021-05-17 07:45:15,370] {python.py:118} INFO - Done. Returned value was: None
[2021-05-17 07:45:15,382] {taskinstance.py:1166} INFO - Marking task as SUCCESS. dag_id=etl_postgresql2mongo, task_id=read_table_as_DF, execution_date=20210517T074000, start_date=20210517T074515, end_date=20210517T074515
[2021-05-17 07:45:15,415] {taskinstance.py:1220} INFO - 1 downstream tasks scheduled from follow-on schedule check
[2021-05-17 07:45:15,459] {local_task_job.py:146} INFO - Task exited with return code 0
