[2021-05-16 21:00:00,642] {scheduler_job.py:182} INFO - Started process (PID=3630) to work on /home/airflow/.local/lib/python3.6/site-packages/airflow/example_dags/example_external_task_marker_dag.py
[2021-05-16 21:00:00,643] {scheduler_job.py:629} INFO - Processing file /home/airflow/.local/lib/python3.6/site-packages/airflow/example_dags/example_external_task_marker_dag.py for tasks to queue
[2021-05-16 21:00:00,643] {logging_mixin.py:104} INFO - [2021-05-16 21:00:00,643] {dagbag.py:448} INFO - Filling up the DagBag from /home/airflow/.local/lib/python3.6/site-packages/airflow/example_dags/example_external_task_marker_dag.py
[2021-05-16 21:00:00,655] {scheduler_job.py:639} INFO - DAG(s) dict_keys(['example_external_task_marker_parent', 'example_external_task_marker_child']) retrieved from /home/airflow/.local/lib/python3.6/site-packages/airflow/example_dags/example_external_task_marker_dag.py
[2021-05-16 21:00:00,679] {logging_mixin.py:104} INFO - [2021-05-16 21:00:00,679] {dag.py:1818} INFO - Sync 2 DAGs
[2021-05-16 21:00:00,693] {logging_mixin.py:104} INFO - [2021-05-16 21:00:00,693] {dag.py:2273} INFO - Setting next_dagrun for example_external_task_marker_child to None
[2021-05-16 21:00:00,693] {logging_mixin.py:104} INFO - [2021-05-16 21:00:00,693] {dag.py:2273} INFO - Setting next_dagrun for example_external_task_marker_parent to None
[2021-05-16 21:00:00,703] {scheduler_job.py:190} INFO - Processing /home/airflow/.local/lib/python3.6/site-packages/airflow/example_dags/example_external_task_marker_dag.py took 0.065 seconds
[2021-05-16 21:00:30,851] {scheduler_job.py:182} INFO - Started process (PID=3656) to work on /home/airflow/.local/lib/python3.6/site-packages/airflow/example_dags/example_external_task_marker_dag.py
[2021-05-16 21:00:30,852] {scheduler_job.py:629} INFO - Processing file /home/airflow/.local/lib/python3.6/site-packages/airflow/example_dags/example_external_task_marker_dag.py for tasks to queue
[2021-05-16 21:00:30,853] {logging_mixin.py:104} INFO - [2021-05-16 21:00:30,853] {dagbag.py:448} INFO - Filling up the DagBag from /home/airflow/.local/lib/python3.6/site-packages/airflow/example_dags/example_external_task_marker_dag.py
[2021-05-16 21:00:30,869] {scheduler_job.py:639} INFO - DAG(s) dict_keys(['example_external_task_marker_parent', 'example_external_task_marker_child']) retrieved from /home/airflow/.local/lib/python3.6/site-packages/airflow/example_dags/example_external_task_marker_dag.py
[2021-05-16 21:00:30,898] {logging_mixin.py:104} INFO - [2021-05-16 21:00:30,898] {dag.py:1818} INFO - Sync 2 DAGs
[2021-05-16 21:00:30,912] {logging_mixin.py:104} INFO - [2021-05-16 21:00:30,912] {dag.py:2273} INFO - Setting next_dagrun for example_external_task_marker_child to None
[2021-05-16 21:00:30,913] {logging_mixin.py:104} INFO - [2021-05-16 21:00:30,913] {dag.py:2273} INFO - Setting next_dagrun for example_external_task_marker_parent to None
[2021-05-16 21:00:30,925] {scheduler_job.py:190} INFO - Processing /home/airflow/.local/lib/python3.6/site-packages/airflow/example_dags/example_external_task_marker_dag.py took 0.078 seconds
[2021-05-16 21:01:00,971] {scheduler_job.py:182} INFO - Started process (PID=3682) to work on /home/airflow/.local/lib/python3.6/site-packages/airflow/example_dags/example_external_task_marker_dag.py
[2021-05-16 21:01:00,972] {scheduler_job.py:629} INFO - Processing file /home/airflow/.local/lib/python3.6/site-packages/airflow/example_dags/example_external_task_marker_dag.py for tasks to queue
[2021-05-16 21:01:00,972] {logging_mixin.py:104} INFO - [2021-05-16 21:01:00,972] {dagbag.py:448} INFO - Filling up the DagBag from /home/airflow/.local/lib/python3.6/site-packages/airflow/example_dags/example_external_task_marker_dag.py
[2021-05-16 21:01:00,982] {scheduler_job.py:639} INFO - DAG(s) dict_keys(['example_external_task_marker_parent', 'example_external_task_marker_child']) retrieved from /home/airflow/.local/lib/python3.6/site-packages/airflow/example_dags/example_external_task_marker_dag.py
[2021-05-16 21:01:01,006] {logging_mixin.py:104} INFO - [2021-05-16 21:01:01,006] {dag.py:1818} INFO - Sync 2 DAGs
[2021-05-16 21:01:01,022] {logging_mixin.py:104} INFO - [2021-05-16 21:01:01,022] {dag.py:2273} INFO - Setting next_dagrun for example_external_task_marker_child to None
[2021-05-16 21:01:01,023] {logging_mixin.py:104} INFO - [2021-05-16 21:01:01,023] {dag.py:2273} INFO - Setting next_dagrun for example_external_task_marker_parent to None
[2021-05-16 21:01:01,033] {scheduler_job.py:190} INFO - Processing /home/airflow/.local/lib/python3.6/site-packages/airflow/example_dags/example_external_task_marker_dag.py took 0.065 seconds
