[2021-05-16 21:00:00,639] {scheduler_job.py:182} INFO - Started process (PID=3629) to work on /home/airflow/.local/lib/python3.6/site-packages/airflow/example_dags/example_short_circuit_operator.py
[2021-05-16 21:00:00,640] {scheduler_job.py:629} INFO - Processing file /home/airflow/.local/lib/python3.6/site-packages/airflow/example_dags/example_short_circuit_operator.py for tasks to queue
[2021-05-16 21:00:00,640] {logging_mixin.py:104} INFO - [2021-05-16 21:00:00,640] {dagbag.py:448} INFO - Filling up the DagBag from /home/airflow/.local/lib/python3.6/site-packages/airflow/example_dags/example_short_circuit_operator.py
[2021-05-16 21:00:00,654] {scheduler_job.py:639} INFO - DAG(s) dict_keys(['example_short_circuit_operator']) retrieved from /home/airflow/.local/lib/python3.6/site-packages/airflow/example_dags/example_short_circuit_operator.py
[2021-05-16 21:00:00,674] {logging_mixin.py:104} INFO - [2021-05-16 21:00:00,674] {dag.py:1818} INFO - Sync 1 DAGs
[2021-05-16 21:00:00,688] {logging_mixin.py:104} INFO - [2021-05-16 21:00:00,688] {dag.py:2273} INFO - Setting next_dagrun for example_short_circuit_operator to 2021-05-14 00:00:00+00:00
[2021-05-16 21:00:00,699] {scheduler_job.py:190} INFO - Processing /home/airflow/.local/lib/python3.6/site-packages/airflow/example_dags/example_short_circuit_operator.py took 0.064 seconds
[2021-05-16 21:00:30,846] {scheduler_job.py:182} INFO - Started process (PID=3655) to work on /home/airflow/.local/lib/python3.6/site-packages/airflow/example_dags/example_short_circuit_operator.py
[2021-05-16 21:00:30,847] {scheduler_job.py:629} INFO - Processing file /home/airflow/.local/lib/python3.6/site-packages/airflow/example_dags/example_short_circuit_operator.py for tasks to queue
[2021-05-16 21:00:30,847] {logging_mixin.py:104} INFO - [2021-05-16 21:00:30,847] {dagbag.py:448} INFO - Filling up the DagBag from /home/airflow/.local/lib/python3.6/site-packages/airflow/example_dags/example_short_circuit_operator.py
[2021-05-16 21:00:30,862] {scheduler_job.py:639} INFO - DAG(s) dict_keys(['example_short_circuit_operator']) retrieved from /home/airflow/.local/lib/python3.6/site-packages/airflow/example_dags/example_short_circuit_operator.py
[2021-05-16 21:00:30,887] {logging_mixin.py:104} INFO - [2021-05-16 21:00:30,886] {dag.py:1818} INFO - Sync 1 DAGs
[2021-05-16 21:00:30,906] {logging_mixin.py:104} INFO - [2021-05-16 21:00:30,906] {dag.py:2273} INFO - Setting next_dagrun for example_short_circuit_operator to 2021-05-14 00:00:00+00:00
[2021-05-16 21:00:30,918] {scheduler_job.py:190} INFO - Processing /home/airflow/.local/lib/python3.6/site-packages/airflow/example_dags/example_short_circuit_operator.py took 0.076 seconds
[2021-05-16 21:01:00,968] {scheduler_job.py:182} INFO - Started process (PID=3681) to work on /home/airflow/.local/lib/python3.6/site-packages/airflow/example_dags/example_short_circuit_operator.py
[2021-05-16 21:01:00,969] {scheduler_job.py:629} INFO - Processing file /home/airflow/.local/lib/python3.6/site-packages/airflow/example_dags/example_short_circuit_operator.py for tasks to queue
[2021-05-16 21:01:00,970] {logging_mixin.py:104} INFO - [2021-05-16 21:01:00,969] {dagbag.py:448} INFO - Filling up the DagBag from /home/airflow/.local/lib/python3.6/site-packages/airflow/example_dags/example_short_circuit_operator.py
[2021-05-16 21:01:00,981] {scheduler_job.py:639} INFO - DAG(s) dict_keys(['example_short_circuit_operator']) retrieved from /home/airflow/.local/lib/python3.6/site-packages/airflow/example_dags/example_short_circuit_operator.py
[2021-05-16 21:01:00,999] {logging_mixin.py:104} INFO - [2021-05-16 21:01:00,999] {dag.py:1818} INFO - Sync 1 DAGs
[2021-05-16 21:01:01,015] {logging_mixin.py:104} INFO - [2021-05-16 21:01:01,015] {dag.py:2273} INFO - Setting next_dagrun for example_short_circuit_operator to 2021-05-14 00:00:00+00:00
[2021-05-16 21:01:01,025] {scheduler_job.py:190} INFO - Processing /home/airflow/.local/lib/python3.6/site-packages/airflow/example_dags/example_short_circuit_operator.py took 0.060 seconds
