[2021-05-16 20:59:36,079] {scheduler_job.py:182} INFO - Started process (PID=3616) to work on /home/airflow/.local/lib/python3.6/site-packages/airflow/example_dags/example_branch_operator.py
[2021-05-16 20:59:36,082] {scheduler_job.py:629} INFO - Processing file /home/airflow/.local/lib/python3.6/site-packages/airflow/example_dags/example_branch_operator.py for tasks to queue
[2021-05-16 20:59:36,083] {logging_mixin.py:104} INFO - [2021-05-16 20:59:36,083] {dagbag.py:448} INFO - Filling up the DagBag from /home/airflow/.local/lib/python3.6/site-packages/airflow/example_dags/example_branch_operator.py
[2021-05-16 20:59:36,105] {scheduler_job.py:639} INFO - DAG(s) dict_keys(['example_branch_operator']) retrieved from /home/airflow/.local/lib/python3.6/site-packages/airflow/example_dags/example_branch_operator.py
[2021-05-16 20:59:36,124] {logging_mixin.py:104} INFO - [2021-05-16 20:59:36,124] {dag.py:1818} INFO - Sync 1 DAGs
[2021-05-16 20:59:36,143] {logging_mixin.py:104} INFO - [2021-05-16 20:59:36,143] {dag.py:2273} INFO - Setting next_dagrun for example_branch_operator to 2021-05-14 00:00:00+00:00
[2021-05-16 20:59:36,152] {scheduler_job.py:190} INFO - Processing /home/airflow/.local/lib/python3.6/site-packages/airflow/example_dags/example_branch_operator.py took 0.081 seconds
[2021-05-16 21:00:07,005] {scheduler_job.py:182} INFO - Started process (PID=3642) to work on /home/airflow/.local/lib/python3.6/site-packages/airflow/example_dags/example_branch_operator.py
[2021-05-16 21:00:07,007] {scheduler_job.py:629} INFO - Processing file /home/airflow/.local/lib/python3.6/site-packages/airflow/example_dags/example_branch_operator.py for tasks to queue
[2021-05-16 21:00:07,007] {logging_mixin.py:104} INFO - [2021-05-16 21:00:07,007] {dagbag.py:448} INFO - Filling up the DagBag from /home/airflow/.local/lib/python3.6/site-packages/airflow/example_dags/example_branch_operator.py
[2021-05-16 21:00:07,023] {scheduler_job.py:639} INFO - DAG(s) dict_keys(['example_branch_operator']) retrieved from /home/airflow/.local/lib/python3.6/site-packages/airflow/example_dags/example_branch_operator.py
[2021-05-16 21:00:07,129] {logging_mixin.py:104} INFO - [2021-05-16 21:00:07,129] {dag.py:1818} INFO - Sync 1 DAGs
[2021-05-16 21:00:07,150] {logging_mixin.py:104} INFO - [2021-05-16 21:00:07,150] {dag.py:2273} INFO - Setting next_dagrun for example_branch_operator to 2021-05-14 00:00:00+00:00
[2021-05-16 21:00:07,338] {scheduler_job.py:190} INFO - Processing /home/airflow/.local/lib/python3.6/site-packages/airflow/example_dags/example_branch_operator.py took 0.338 seconds
[2021-05-16 21:00:37,411] {scheduler_job.py:182} INFO - Started process (PID=3668) to work on /home/airflow/.local/lib/python3.6/site-packages/airflow/example_dags/example_branch_operator.py
[2021-05-16 21:00:37,412] {scheduler_job.py:629} INFO - Processing file /home/airflow/.local/lib/python3.6/site-packages/airflow/example_dags/example_branch_operator.py for tasks to queue
[2021-05-16 21:00:37,413] {logging_mixin.py:104} INFO - [2021-05-16 21:00:37,413] {dagbag.py:448} INFO - Filling up the DagBag from /home/airflow/.local/lib/python3.6/site-packages/airflow/example_dags/example_branch_operator.py
[2021-05-16 21:00:37,429] {scheduler_job.py:639} INFO - DAG(s) dict_keys(['example_branch_operator']) retrieved from /home/airflow/.local/lib/python3.6/site-packages/airflow/example_dags/example_branch_operator.py
[2021-05-16 21:00:37,450] {logging_mixin.py:104} INFO - [2021-05-16 21:00:37,450] {dag.py:1818} INFO - Sync 1 DAGs
[2021-05-16 21:00:37,476] {logging_mixin.py:104} INFO - [2021-05-16 21:00:37,476] {dag.py:2273} INFO - Setting next_dagrun for example_branch_operator to 2021-05-14 00:00:00+00:00
[2021-05-16 21:00:37,486] {scheduler_job.py:190} INFO - Processing /home/airflow/.local/lib/python3.6/site-packages/airflow/example_dags/example_branch_operator.py took 0.080 seconds
