[2021-05-16 20:59:58,440] {scheduler_job.py:182} INFO - Started process (PID=3623) to work on /home/airflow/.local/lib/python3.6/site-packages/airflow/example_dags/example_python_operator.py
[2021-05-16 20:59:58,441] {scheduler_job.py:629} INFO - Processing file /home/airflow/.local/lib/python3.6/site-packages/airflow/example_dags/example_python_operator.py for tasks to queue
[2021-05-16 20:59:58,442] {logging_mixin.py:104} INFO - [2021-05-16 20:59:58,441] {dagbag.py:448} INFO - Filling up the DagBag from /home/airflow/.local/lib/python3.6/site-packages/airflow/example_dags/example_python_operator.py
[2021-05-16 20:59:58,455] {scheduler_job.py:639} INFO - DAG(s) dict_keys(['example_python_operator']) retrieved from /home/airflow/.local/lib/python3.6/site-packages/airflow/example_dags/example_python_operator.py
[2021-05-16 20:59:58,474] {logging_mixin.py:104} INFO - [2021-05-16 20:59:58,474] {dag.py:1818} INFO - Sync 1 DAGs
[2021-05-16 20:59:58,487] {logging_mixin.py:104} INFO - [2021-05-16 20:59:58,487] {dag.py:2273} INFO - Setting next_dagrun for example_python_operator to None
[2021-05-16 20:59:58,497] {scheduler_job.py:190} INFO - Processing /home/airflow/.local/lib/python3.6/site-packages/airflow/example_dags/example_python_operator.py took 0.060 seconds
[2021-05-16 21:00:28,546] {scheduler_job.py:182} INFO - Started process (PID=3648) to work on /home/airflow/.local/lib/python3.6/site-packages/airflow/example_dags/example_python_operator.py
[2021-05-16 21:00:28,548] {scheduler_job.py:629} INFO - Processing file /home/airflow/.local/lib/python3.6/site-packages/airflow/example_dags/example_python_operator.py for tasks to queue
[2021-05-16 21:00:28,549] {logging_mixin.py:104} INFO - [2021-05-16 21:00:28,549] {dagbag.py:448} INFO - Filling up the DagBag from /home/airflow/.local/lib/python3.6/site-packages/airflow/example_dags/example_python_operator.py
[2021-05-16 21:00:28,572] {scheduler_job.py:639} INFO - DAG(s) dict_keys(['example_python_operator']) retrieved from /home/airflow/.local/lib/python3.6/site-packages/airflow/example_dags/example_python_operator.py
[2021-05-16 21:00:28,602] {logging_mixin.py:104} INFO - [2021-05-16 21:00:28,602] {dag.py:1818} INFO - Sync 1 DAGs
[2021-05-16 21:00:28,622] {logging_mixin.py:104} INFO - [2021-05-16 21:00:28,622] {dag.py:2273} INFO - Setting next_dagrun for example_python_operator to None
[2021-05-16 21:00:28,634] {scheduler_job.py:190} INFO - Processing /home/airflow/.local/lib/python3.6/site-packages/airflow/example_dags/example_python_operator.py took 0.093 seconds
[2021-05-16 21:00:58,737] {scheduler_job.py:182} INFO - Started process (PID=3674) to work on /home/airflow/.local/lib/python3.6/site-packages/airflow/example_dags/example_python_operator.py
[2021-05-16 21:00:58,738] {scheduler_job.py:629} INFO - Processing file /home/airflow/.local/lib/python3.6/site-packages/airflow/example_dags/example_python_operator.py for tasks to queue
[2021-05-16 21:00:58,739] {logging_mixin.py:104} INFO - [2021-05-16 21:00:58,739] {dagbag.py:448} INFO - Filling up the DagBag from /home/airflow/.local/lib/python3.6/site-packages/airflow/example_dags/example_python_operator.py
[2021-05-16 21:00:58,754] {scheduler_job.py:639} INFO - DAG(s) dict_keys(['example_python_operator']) retrieved from /home/airflow/.local/lib/python3.6/site-packages/airflow/example_dags/example_python_operator.py
[2021-05-16 21:00:58,776] {logging_mixin.py:104} INFO - [2021-05-16 21:00:58,776] {dag.py:1818} INFO - Sync 1 DAGs
[2021-05-16 21:00:58,796] {logging_mixin.py:104} INFO - [2021-05-16 21:00:58,796] {dag.py:2273} INFO - Setting next_dagrun for example_python_operator to None
[2021-05-16 21:00:58,807] {scheduler_job.py:190} INFO - Processing /home/airflow/.local/lib/python3.6/site-packages/airflow/example_dags/example_python_operator.py took 0.073 seconds
