[2021-05-16 21:00:02,791] {scheduler_job.py:182} INFO - Started process (PID=3633) to work on /home/airflow/.local/lib/python3.6/site-packages/airflow/example_dags/example_xcomargs.py
[2021-05-16 21:00:02,792] {scheduler_job.py:629} INFO - Processing file /home/airflow/.local/lib/python3.6/site-packages/airflow/example_dags/example_xcomargs.py for tasks to queue
[2021-05-16 21:00:02,793] {logging_mixin.py:104} INFO - [2021-05-16 21:00:02,793] {dagbag.py:448} INFO - Filling up the DagBag from /home/airflow/.local/lib/python3.6/site-packages/airflow/example_dags/example_xcomargs.py
[2021-05-16 21:00:02,812] {scheduler_job.py:639} INFO - DAG(s) dict_keys(['example_xcom_args', 'example_xcom_args_with_operators']) retrieved from /home/airflow/.local/lib/python3.6/site-packages/airflow/example_dags/example_xcomargs.py
[2021-05-16 21:00:02,846] {logging_mixin.py:104} INFO - [2021-05-16 21:00:02,846] {dag.py:1818} INFO - Sync 2 DAGs
[2021-05-16 21:00:02,863] {logging_mixin.py:104} INFO - [2021-05-16 21:00:02,863] {dag.py:2273} INFO - Setting next_dagrun for example_xcom_args to None
[2021-05-16 21:00:02,864] {logging_mixin.py:104} INFO - [2021-05-16 21:00:02,864] {dag.py:2273} INFO - Setting next_dagrun for example_xcom_args_with_operators to None
[2021-05-16 21:00:03,078] {scheduler_job.py:190} INFO - Processing /home/airflow/.local/lib/python3.6/site-packages/airflow/example_dags/example_xcomargs.py took 0.289 seconds
[2021-05-16 21:00:33,094] {scheduler_job.py:182} INFO - Started process (PID=3659) to work on /home/airflow/.local/lib/python3.6/site-packages/airflow/example_dags/example_xcomargs.py
[2021-05-16 21:00:33,094] {scheduler_job.py:629} INFO - Processing file /home/airflow/.local/lib/python3.6/site-packages/airflow/example_dags/example_xcomargs.py for tasks to queue
[2021-05-16 21:00:33,095] {logging_mixin.py:104} INFO - [2021-05-16 21:00:33,095] {dagbag.py:448} INFO - Filling up the DagBag from /home/airflow/.local/lib/python3.6/site-packages/airflow/example_dags/example_xcomargs.py
[2021-05-16 21:00:33,106] {scheduler_job.py:639} INFO - DAG(s) dict_keys(['example_xcom_args', 'example_xcom_args_with_operators']) retrieved from /home/airflow/.local/lib/python3.6/site-packages/airflow/example_dags/example_xcomargs.py
[2021-05-16 21:00:33,128] {logging_mixin.py:104} INFO - [2021-05-16 21:00:33,127] {dag.py:1818} INFO - Sync 2 DAGs
[2021-05-16 21:00:33,140] {logging_mixin.py:104} INFO - [2021-05-16 21:00:33,139] {dag.py:2273} INFO - Setting next_dagrun for example_xcom_args to None
[2021-05-16 21:00:33,140] {logging_mixin.py:104} INFO - [2021-05-16 21:00:33,140] {dag.py:2273} INFO - Setting next_dagrun for example_xcom_args_with_operators to None
[2021-05-16 21:00:33,154] {scheduler_job.py:190} INFO - Processing /home/airflow/.local/lib/python3.6/site-packages/airflow/example_dags/example_xcomargs.py took 0.062 seconds
[2021-05-16 21:01:03,227] {scheduler_job.py:182} INFO - Started process (PID=3685) to work on /home/airflow/.local/lib/python3.6/site-packages/airflow/example_dags/example_xcomargs.py
[2021-05-16 21:01:03,228] {scheduler_job.py:629} INFO - Processing file /home/airflow/.local/lib/python3.6/site-packages/airflow/example_dags/example_xcomargs.py for tasks to queue
[2021-05-16 21:01:03,230] {logging_mixin.py:104} INFO - [2021-05-16 21:01:03,229] {dagbag.py:448} INFO - Filling up the DagBag from /home/airflow/.local/lib/python3.6/site-packages/airflow/example_dags/example_xcomargs.py
[2021-05-16 21:01:03,265] {scheduler_job.py:639} INFO - DAG(s) dict_keys(['example_xcom_args', 'example_xcom_args_with_operators']) retrieved from /home/airflow/.local/lib/python3.6/site-packages/airflow/example_dags/example_xcomargs.py
[2021-05-16 21:01:03,338] {logging_mixin.py:104} INFO - [2021-05-16 21:01:03,337] {dag.py:1818} INFO - Sync 2 DAGs
[2021-05-16 21:01:03,374] {logging_mixin.py:104} INFO - [2021-05-16 21:01:03,374] {dag.py:2273} INFO - Setting next_dagrun for example_xcom_args to None
[2021-05-16 21:01:03,376] {logging_mixin.py:104} INFO - [2021-05-16 21:01:03,376] {dag.py:2273} INFO - Setting next_dagrun for example_xcom_args_with_operators to None
[2021-05-16 21:01:03,399] {scheduler_job.py:190} INFO - Processing /home/airflow/.local/lib/python3.6/site-packages/airflow/example_dags/example_xcomargs.py took 0.178 seconds
