[2021-05-16 20:59:58,337] {scheduler_job.py:182} INFO - Started process (PID=3620) to work on /home/airflow/.local/lib/python3.6/site-packages/airflow/example_dags/example_kubernetes_executor.py
[2021-05-16 20:59:58,337] {scheduler_job.py:629} INFO - Processing file /home/airflow/.local/lib/python3.6/site-packages/airflow/example_dags/example_kubernetes_executor.py for tasks to queue
[2021-05-16 20:59:58,338] {logging_mixin.py:104} INFO - [2021-05-16 20:59:58,338] {dagbag.py:448} INFO - Filling up the DagBag from /home/airflow/.local/lib/python3.6/site-packages/airflow/example_dags/example_kubernetes_executor.py
[2021-05-16 20:59:58,351] {scheduler_job.py:639} INFO - DAG(s) dict_keys(['example_kubernetes_executor']) retrieved from /home/airflow/.local/lib/python3.6/site-packages/airflow/example_dags/example_kubernetes_executor.py
[2021-05-16 20:59:58,370] {logging_mixin.py:104} INFO - [2021-05-16 20:59:58,370] {dag.py:1818} INFO - Sync 1 DAGs
[2021-05-16 20:59:58,384] {logging_mixin.py:104} INFO - [2021-05-16 20:59:58,384] {dag.py:2273} INFO - Setting next_dagrun for example_kubernetes_executor to None
[2021-05-16 20:59:58,393] {scheduler_job.py:190} INFO - Processing /home/airflow/.local/lib/python3.6/site-packages/airflow/example_dags/example_kubernetes_executor.py took 0.059 seconds
[2021-05-16 21:00:28,428] {scheduler_job.py:182} INFO - Started process (PID=3646) to work on /home/airflow/.local/lib/python3.6/site-packages/airflow/example_dags/example_kubernetes_executor.py
[2021-05-16 21:00:28,429] {scheduler_job.py:629} INFO - Processing file /home/airflow/.local/lib/python3.6/site-packages/airflow/example_dags/example_kubernetes_executor.py for tasks to queue
[2021-05-16 21:00:28,430] {logging_mixin.py:104} INFO - [2021-05-16 21:00:28,430] {dagbag.py:448} INFO - Filling up the DagBag from /home/airflow/.local/lib/python3.6/site-packages/airflow/example_dags/example_kubernetes_executor.py
[2021-05-16 21:00:28,444] {scheduler_job.py:639} INFO - DAG(s) dict_keys(['example_kubernetes_executor']) retrieved from /home/airflow/.local/lib/python3.6/site-packages/airflow/example_dags/example_kubernetes_executor.py
[2021-05-16 21:00:28,480] {logging_mixin.py:104} INFO - [2021-05-16 21:00:28,480] {dag.py:1818} INFO - Sync 1 DAGs
[2021-05-16 21:00:28,507] {logging_mixin.py:104} INFO - [2021-05-16 21:00:28,507] {dag.py:2273} INFO - Setting next_dagrun for example_kubernetes_executor to None
[2021-05-16 21:00:28,526] {scheduler_job.py:190} INFO - Processing /home/airflow/.local/lib/python3.6/site-packages/airflow/example_dags/example_kubernetes_executor.py took 0.101 seconds
[2021-05-16 21:00:58,557] {scheduler_job.py:182} INFO - Started process (PID=3672) to work on /home/airflow/.local/lib/python3.6/site-packages/airflow/example_dags/example_kubernetes_executor.py
[2021-05-16 21:00:58,559] {scheduler_job.py:629} INFO - Processing file /home/airflow/.local/lib/python3.6/site-packages/airflow/example_dags/example_kubernetes_executor.py for tasks to queue
[2021-05-16 21:00:58,559] {logging_mixin.py:104} INFO - [2021-05-16 21:00:58,559] {dagbag.py:448} INFO - Filling up the DagBag from /home/airflow/.local/lib/python3.6/site-packages/airflow/example_dags/example_kubernetes_executor.py
[2021-05-16 21:00:58,572] {scheduler_job.py:639} INFO - DAG(s) dict_keys(['example_kubernetes_executor']) retrieved from /home/airflow/.local/lib/python3.6/site-packages/airflow/example_dags/example_kubernetes_executor.py
[2021-05-16 21:00:58,595] {logging_mixin.py:104} INFO - [2021-05-16 21:00:58,594] {dag.py:1818} INFO - Sync 1 DAGs
[2021-05-16 21:00:58,613] {logging_mixin.py:104} INFO - [2021-05-16 21:00:58,613] {dag.py:2273} INFO - Setting next_dagrun for example_kubernetes_executor to None
[2021-05-16 21:00:58,625] {scheduler_job.py:190} INFO - Processing /home/airflow/.local/lib/python3.6/site-packages/airflow/example_dags/example_kubernetes_executor.py took 0.071 seconds
