[2021-05-16 20:59:58,509] {scheduler_job.py:182} INFO - Started process (PID=3625) to work on /home/airflow/.local/lib/python3.6/site-packages/airflow/example_dags/example_trigger_target_dag.py
[2021-05-16 20:59:58,510] {scheduler_job.py:629} INFO - Processing file /home/airflow/.local/lib/python3.6/site-packages/airflow/example_dags/example_trigger_target_dag.py for tasks to queue
[2021-05-16 20:59:58,510] {logging_mixin.py:104} INFO - [2021-05-16 20:59:58,510] {dagbag.py:448} INFO - Filling up the DagBag from /home/airflow/.local/lib/python3.6/site-packages/airflow/example_dags/example_trigger_target_dag.py
[2021-05-16 20:59:58,521] {scheduler_job.py:639} INFO - DAG(s) dict_keys(['example_trigger_target_dag']) retrieved from /home/airflow/.local/lib/python3.6/site-packages/airflow/example_dags/example_trigger_target_dag.py
[2021-05-16 20:59:58,537] {logging_mixin.py:104} INFO - [2021-05-16 20:59:58,537] {dag.py:1818} INFO - Sync 1 DAGs
[2021-05-16 20:59:58,549] {logging_mixin.py:104} INFO - [2021-05-16 20:59:58,549] {dag.py:2273} INFO - Setting next_dagrun for example_trigger_target_dag to None
[2021-05-16 20:59:58,556] {scheduler_job.py:190} INFO - Processing /home/airflow/.local/lib/python3.6/site-packages/airflow/example_dags/example_trigger_target_dag.py took 0.050 seconds
[2021-05-16 21:00:28,712] {scheduler_job.py:182} INFO - Started process (PID=3651) to work on /home/airflow/.local/lib/python3.6/site-packages/airflow/example_dags/example_trigger_target_dag.py
[2021-05-16 21:00:28,714] {scheduler_job.py:629} INFO - Processing file /home/airflow/.local/lib/python3.6/site-packages/airflow/example_dags/example_trigger_target_dag.py for tasks to queue
[2021-05-16 21:00:28,714] {logging_mixin.py:104} INFO - [2021-05-16 21:00:28,714] {dagbag.py:448} INFO - Filling up the DagBag from /home/airflow/.local/lib/python3.6/site-packages/airflow/example_dags/example_trigger_target_dag.py
[2021-05-16 21:00:28,728] {scheduler_job.py:639} INFO - DAG(s) dict_keys(['example_trigger_target_dag']) retrieved from /home/airflow/.local/lib/python3.6/site-packages/airflow/example_dags/example_trigger_target_dag.py
[2021-05-16 21:00:28,756] {logging_mixin.py:104} INFO - [2021-05-16 21:00:28,755] {dag.py:1818} INFO - Sync 1 DAGs
[2021-05-16 21:00:28,782] {logging_mixin.py:104} INFO - [2021-05-16 21:00:28,782] {dag.py:2273} INFO - Setting next_dagrun for example_trigger_target_dag to None
[2021-05-16 21:00:28,796] {scheduler_job.py:190} INFO - Processing /home/airflow/.local/lib/python3.6/site-packages/airflow/example_dags/example_trigger_target_dag.py took 0.087 seconds
[2021-05-16 21:00:58,820] {scheduler_job.py:182} INFO - Started process (PID=3676) to work on /home/airflow/.local/lib/python3.6/site-packages/airflow/example_dags/example_trigger_target_dag.py
[2021-05-16 21:00:58,821] {scheduler_job.py:629} INFO - Processing file /home/airflow/.local/lib/python3.6/site-packages/airflow/example_dags/example_trigger_target_dag.py for tasks to queue
[2021-05-16 21:00:58,822] {logging_mixin.py:104} INFO - [2021-05-16 21:00:58,822] {dagbag.py:448} INFO - Filling up the DagBag from /home/airflow/.local/lib/python3.6/site-packages/airflow/example_dags/example_trigger_target_dag.py
[2021-05-16 21:00:58,837] {scheduler_job.py:639} INFO - DAG(s) dict_keys(['example_trigger_target_dag']) retrieved from /home/airflow/.local/lib/python3.6/site-packages/airflow/example_dags/example_trigger_target_dag.py
[2021-05-16 21:00:58,858] {logging_mixin.py:104} INFO - [2021-05-16 21:00:58,858] {dag.py:1818} INFO - Sync 1 DAGs
[2021-05-16 21:00:58,873] {logging_mixin.py:104} INFO - [2021-05-16 21:00:58,873] {dag.py:2273} INFO - Setting next_dagrun for example_trigger_target_dag to None
[2021-05-16 21:00:58,883] {scheduler_job.py:190} INFO - Processing /home/airflow/.local/lib/python3.6/site-packages/airflow/example_dags/example_trigger_target_dag.py took 0.066 seconds
