[2021-05-16 20:59:58,359] {scheduler_job.py:182} INFO - Started process (PID=3621) to work on /home/airflow/.local/lib/python3.6/site-packages/airflow/example_dags/example_complex.py
[2021-05-16 20:59:58,360] {scheduler_job.py:629} INFO - Processing file /home/airflow/.local/lib/python3.6/site-packages/airflow/example_dags/example_complex.py for tasks to queue
[2021-05-16 20:59:58,360] {logging_mixin.py:104} INFO - [2021-05-16 20:59:58,360] {dagbag.py:448} INFO - Filling up the DagBag from /home/airflow/.local/lib/python3.6/site-packages/airflow/example_dags/example_complex.py
[2021-05-16 20:59:58,378] {scheduler_job.py:639} INFO - DAG(s) dict_keys(['example_complex']) retrieved from /home/airflow/.local/lib/python3.6/site-packages/airflow/example_dags/example_complex.py
[2021-05-16 20:59:58,402] {logging_mixin.py:104} INFO - [2021-05-16 20:59:58,402] {dag.py:1818} INFO - Sync 1 DAGs
[2021-05-16 20:59:58,416] {logging_mixin.py:104} INFO - [2021-05-16 20:59:58,416] {dag.py:2273} INFO - Setting next_dagrun for example_complex to None
[2021-05-16 20:59:58,426] {scheduler_job.py:190} INFO - Processing /home/airflow/.local/lib/python3.6/site-packages/airflow/example_dags/example_complex.py took 0.070 seconds
[2021-05-16 21:00:28,479] {scheduler_job.py:182} INFO - Started process (PID=3647) to work on /home/airflow/.local/lib/python3.6/site-packages/airflow/example_dags/example_complex.py
[2021-05-16 21:00:28,480] {scheduler_job.py:629} INFO - Processing file /home/airflow/.local/lib/python3.6/site-packages/airflow/example_dags/example_complex.py for tasks to queue
[2021-05-16 21:00:28,481] {logging_mixin.py:104} INFO - [2021-05-16 21:00:28,481] {dagbag.py:448} INFO - Filling up the DagBag from /home/airflow/.local/lib/python3.6/site-packages/airflow/example_dags/example_complex.py
[2021-05-16 21:00:28,511] {scheduler_job.py:639} INFO - DAG(s) dict_keys(['example_complex']) retrieved from /home/airflow/.local/lib/python3.6/site-packages/airflow/example_dags/example_complex.py
[2021-05-16 21:00:28,559] {logging_mixin.py:104} INFO - [2021-05-16 21:00:28,559] {dag.py:1818} INFO - Sync 1 DAGs
[2021-05-16 21:00:28,587] {logging_mixin.py:104} INFO - [2021-05-16 21:00:28,587] {dag.py:2273} INFO - Setting next_dagrun for example_complex to None
[2021-05-16 21:00:28,603] {scheduler_job.py:190} INFO - Processing /home/airflow/.local/lib/python3.6/site-packages/airflow/example_dags/example_complex.py took 0.128 seconds
[2021-05-16 21:00:58,639] {scheduler_job.py:182} INFO - Started process (PID=3673) to work on /home/airflow/.local/lib/python3.6/site-packages/airflow/example_dags/example_complex.py
[2021-05-16 21:00:58,640] {scheduler_job.py:629} INFO - Processing file /home/airflow/.local/lib/python3.6/site-packages/airflow/example_dags/example_complex.py for tasks to queue
[2021-05-16 21:00:58,641] {logging_mixin.py:104} INFO - [2021-05-16 21:00:58,641] {dagbag.py:448} INFO - Filling up the DagBag from /home/airflow/.local/lib/python3.6/site-packages/airflow/example_dags/example_complex.py
[2021-05-16 21:00:58,664] {scheduler_job.py:639} INFO - DAG(s) dict_keys(['example_complex']) retrieved from /home/airflow/.local/lib/python3.6/site-packages/airflow/example_dags/example_complex.py
[2021-05-16 21:00:58,693] {logging_mixin.py:104} INFO - [2021-05-16 21:00:58,693] {dag.py:1818} INFO - Sync 1 DAGs
[2021-05-16 21:00:58,710] {logging_mixin.py:104} INFO - [2021-05-16 21:00:58,710] {dag.py:2273} INFO - Setting next_dagrun for example_complex to None
[2021-05-16 21:00:58,724] {scheduler_job.py:190} INFO - Processing /home/airflow/.local/lib/python3.6/site-packages/airflow/example_dags/example_complex.py took 0.087 seconds
