[2021-05-16 20:59:59,570] {scheduler_job.py:182} INFO - Started process (PID=3627) to work on /home/airflow/.local/lib/python3.6/site-packages/airflow/example_dags/example_latest_only.py
[2021-05-16 20:59:59,571] {scheduler_job.py:629} INFO - Processing file /home/airflow/.local/lib/python3.6/site-packages/airflow/example_dags/example_latest_only.py for tasks to queue
[2021-05-16 20:59:59,572] {logging_mixin.py:104} INFO - [2021-05-16 20:59:59,572] {dagbag.py:448} INFO - Filling up the DagBag from /home/airflow/.local/lib/python3.6/site-packages/airflow/example_dags/example_latest_only.py
[2021-05-16 20:59:59,582] {scheduler_job.py:639} INFO - DAG(s) dict_keys(['latest_only']) retrieved from /home/airflow/.local/lib/python3.6/site-packages/airflow/example_dags/example_latest_only.py
[2021-05-16 20:59:59,598] {logging_mixin.py:104} INFO - [2021-05-16 20:59:59,598] {dag.py:1818} INFO - Sync 1 DAGs
[2021-05-16 20:59:59,611] {logging_mixin.py:104} INFO - [2021-05-16 20:59:59,611] {dag.py:2273} INFO - Setting next_dagrun for latest_only to 2021-05-14 00:00:00+00:00
[2021-05-16 20:59:59,619] {scheduler_job.py:190} INFO - Processing /home/airflow/.local/lib/python3.6/site-packages/airflow/example_dags/example_latest_only.py took 0.052 seconds
[2021-05-16 21:00:29,749] {scheduler_job.py:182} INFO - Started process (PID=3652) to work on /home/airflow/.local/lib/python3.6/site-packages/airflow/example_dags/example_latest_only.py
[2021-05-16 21:00:29,750] {scheduler_job.py:629} INFO - Processing file /home/airflow/.local/lib/python3.6/site-packages/airflow/example_dags/example_latest_only.py for tasks to queue
[2021-05-16 21:00:29,751] {logging_mixin.py:104} INFO - [2021-05-16 21:00:29,751] {dagbag.py:448} INFO - Filling up the DagBag from /home/airflow/.local/lib/python3.6/site-packages/airflow/example_dags/example_latest_only.py
[2021-05-16 21:00:29,761] {scheduler_job.py:639} INFO - DAG(s) dict_keys(['latest_only']) retrieved from /home/airflow/.local/lib/python3.6/site-packages/airflow/example_dags/example_latest_only.py
[2021-05-16 21:00:29,784] {logging_mixin.py:104} INFO - [2021-05-16 21:00:29,784] {dag.py:1818} INFO - Sync 1 DAGs
[2021-05-16 21:00:29,807] {logging_mixin.py:104} INFO - [2021-05-16 21:00:29,807] {dag.py:2273} INFO - Setting next_dagrun for latest_only to 2021-05-14 00:00:00+00:00
[2021-05-16 21:00:29,821] {scheduler_job.py:190} INFO - Processing /home/airflow/.local/lib/python3.6/site-packages/airflow/example_dags/example_latest_only.py took 0.075 seconds
[2021-05-16 21:00:59,897] {scheduler_job.py:182} INFO - Started process (PID=3678) to work on /home/airflow/.local/lib/python3.6/site-packages/airflow/example_dags/example_latest_only.py
[2021-05-16 21:00:59,898] {scheduler_job.py:629} INFO - Processing file /home/airflow/.local/lib/python3.6/site-packages/airflow/example_dags/example_latest_only.py for tasks to queue
[2021-05-16 21:00:59,898] {logging_mixin.py:104} INFO - [2021-05-16 21:00:59,898] {dagbag.py:448} INFO - Filling up the DagBag from /home/airflow/.local/lib/python3.6/site-packages/airflow/example_dags/example_latest_only.py
[2021-05-16 21:00:59,908] {scheduler_job.py:639} INFO - DAG(s) dict_keys(['latest_only']) retrieved from /home/airflow/.local/lib/python3.6/site-packages/airflow/example_dags/example_latest_only.py
[2021-05-16 21:00:59,930] {logging_mixin.py:104} INFO - [2021-05-16 21:00:59,930] {dag.py:1818} INFO - Sync 1 DAGs
[2021-05-16 21:00:59,945] {logging_mixin.py:104} INFO - [2021-05-16 21:00:59,945] {dag.py:2273} INFO - Setting next_dagrun for latest_only to 2021-05-14 00:00:00+00:00
[2021-05-16 21:00:59,955] {scheduler_job.py:190} INFO - Processing /home/airflow/.local/lib/python3.6/site-packages/airflow/example_dags/example_latest_only.py took 0.061 seconds
