[2021-05-16 20:59:59,537] {scheduler_job.py:182} INFO - Started process (PID=3626) to work on /home/airflow/.local/lib/python3.6/site-packages/airflow/example_dags/tutorial.py
[2021-05-16 20:59:59,538] {scheduler_job.py:629} INFO - Processing file /home/airflow/.local/lib/python3.6/site-packages/airflow/example_dags/tutorial.py for tasks to queue
[2021-05-16 20:59:59,538] {logging_mixin.py:104} INFO - [2021-05-16 20:59:59,538] {dagbag.py:448} INFO - Filling up the DagBag from /home/airflow/.local/lib/python3.6/site-packages/airflow/example_dags/tutorial.py
[2021-05-16 20:59:59,545] {scheduler_job.py:639} INFO - DAG(s) dict_keys(['tutorial']) retrieved from /home/airflow/.local/lib/python3.6/site-packages/airflow/example_dags/tutorial.py
[2021-05-16 20:59:59,561] {logging_mixin.py:104} INFO - [2021-05-16 20:59:59,561] {dag.py:1818} INFO - Sync 1 DAGs
[2021-05-16 20:59:59,574] {logging_mixin.py:104} INFO - [2021-05-16 20:59:59,574] {dag.py:2273} INFO - Setting next_dagrun for tutorial to 2021-05-14 00:00:00+00:00
[2021-05-16 20:59:59,586] {scheduler_job.py:190} INFO - Processing /home/airflow/.local/lib/python3.6/site-packages/airflow/example_dags/tutorial.py took 0.051 seconds
[2021-05-16 21:00:29,753] {scheduler_job.py:182} INFO - Started process (PID=3653) to work on /home/airflow/.local/lib/python3.6/site-packages/airflow/example_dags/tutorial.py
[2021-05-16 21:00:29,755] {scheduler_job.py:629} INFO - Processing file /home/airflow/.local/lib/python3.6/site-packages/airflow/example_dags/tutorial.py for tasks to queue
[2021-05-16 21:00:29,755] {logging_mixin.py:104} INFO - [2021-05-16 21:00:29,755] {dagbag.py:448} INFO - Filling up the DagBag from /home/airflow/.local/lib/python3.6/site-packages/airflow/example_dags/tutorial.py
[2021-05-16 21:00:29,767] {scheduler_job.py:639} INFO - DAG(s) dict_keys(['tutorial']) retrieved from /home/airflow/.local/lib/python3.6/site-packages/airflow/example_dags/tutorial.py
[2021-05-16 21:00:29,794] {logging_mixin.py:104} INFO - [2021-05-16 21:00:29,793] {dag.py:1818} INFO - Sync 1 DAGs
[2021-05-16 21:00:29,815] {logging_mixin.py:104} INFO - [2021-05-16 21:00:29,815] {dag.py:2273} INFO - Setting next_dagrun for tutorial to 2021-05-14 00:00:00+00:00
[2021-05-16 21:00:29,827] {scheduler_job.py:190} INFO - Processing /home/airflow/.local/lib/python3.6/site-packages/airflow/example_dags/tutorial.py took 0.078 seconds
[2021-05-16 21:00:59,901] {scheduler_job.py:182} INFO - Started process (PID=3679) to work on /home/airflow/.local/lib/python3.6/site-packages/airflow/example_dags/tutorial.py
[2021-05-16 21:00:59,902] {scheduler_job.py:629} INFO - Processing file /home/airflow/.local/lib/python3.6/site-packages/airflow/example_dags/tutorial.py for tasks to queue
[2021-05-16 21:00:59,902] {logging_mixin.py:104} INFO - [2021-05-16 21:00:59,902] {dagbag.py:448} INFO - Filling up the DagBag from /home/airflow/.local/lib/python3.6/site-packages/airflow/example_dags/tutorial.py
[2021-05-16 21:00:59,912] {scheduler_job.py:639} INFO - DAG(s) dict_keys(['tutorial']) retrieved from /home/airflow/.local/lib/python3.6/site-packages/airflow/example_dags/tutorial.py
[2021-05-16 21:00:59,929] {logging_mixin.py:104} INFO - [2021-05-16 21:00:59,929] {dag.py:1818} INFO - Sync 1 DAGs
[2021-05-16 21:00:59,942] {logging_mixin.py:104} INFO - [2021-05-16 21:00:59,941] {dag.py:2273} INFO - Setting next_dagrun for tutorial to 2021-05-14 00:00:00+00:00
[2021-05-16 21:00:59,950] {scheduler_job.py:190} INFO - Processing /home/airflow/.local/lib/python3.6/site-packages/airflow/example_dags/tutorial.py took 0.053 seconds
