[2021-05-17 07:45:06,610] {taskinstance.py:851} INFO - Dependencies all met for <TaskInstance: etl_postgresql2mongo.install_tools 2021-05-17T07:40:00+00:00 [queued]>
[2021-05-17 07:45:06,625] {taskinstance.py:851} INFO - Dependencies all met for <TaskInstance: etl_postgresql2mongo.install_tools 2021-05-17T07:40:00+00:00 [queued]>
[2021-05-17 07:45:06,625] {taskinstance.py:1042} INFO - 
--------------------------------------------------------------------------------
[2021-05-17 07:45:06,625] {taskinstance.py:1043} INFO - Starting attempt 1 of 1
[2021-05-17 07:45:06,625] {taskinstance.py:1044} INFO - 
--------------------------------------------------------------------------------
[2021-05-17 07:45:06,634] {taskinstance.py:1063} INFO - Executing <Task(PythonOperator): install_tools> on 2021-05-17T07:40:00+00:00
[2021-05-17 07:45:06,637] {standard_task_runner.py:52} INFO - Started process 254 to run task
[2021-05-17 07:45:06,640] {standard_task_runner.py:76} INFO - Running: ['airflow', 'tasks', 'run', 'etl_postgresql2mongo', 'install_tools', '2021-05-17T07:40:00+00:00', '--job-id', '38', '--pool', 'default_pool', '--raw', '--subdir', 'DAGS_FOLDER/csv_postgres_2_mongo.py', '--cfg-path', '/tmp/tmpcyu7rfhu', '--error-file', '/tmp/tmpw1734kn1']
[2021-05-17 07:45:06,640] {standard_task_runner.py:77} INFO - Job 38: Subtask install_tools
[2021-05-17 07:45:06,677] {logging_mixin.py:104} INFO - Running <TaskInstance: etl_postgresql2mongo.install_tools 2021-05-17T07:40:00+00:00 [running]> on host d0d96188f4f7
[2021-05-17 07:45:06,711] {taskinstance.py:1257} INFO - Exporting the following env vars:
AIRFLOW_CTX_DAG_OWNER=airflow
AIRFLOW_CTX_DAG_ID=etl_postgresql2mongo
AIRFLOW_CTX_TASK_ID=install_tools
AIRFLOW_CTX_EXECUTION_DATE=2021-05-17T07:40:00+00:00
AIRFLOW_CTX_DAG_RUN_ID=scheduled__2021-05-17T07:40:00+00:00
[2021-05-17 07:45:06,758] {python.py:118} INFO - Done. Returned value was: None
[2021-05-17 07:45:06,767] {taskinstance.py:1166} INFO - Marking task as SUCCESS. dag_id=etl_postgresql2mongo, task_id=install_tools, execution_date=20210517T074000, start_date=20210517T074506, end_date=20210517T074506
[2021-05-17 07:45:06,794] {taskinstance.py:1220} INFO - 1 downstream tasks scheduled from follow-on schedule check
[2021-05-17 07:45:06,811] {local_task_job.py:146} INFO - Task exited with return code 0
