[2021-05-17 07:19:31,233] {taskinstance.py:851} INFO - Dependencies all met for <TaskInstance: etl_postgresql2mongo.install_tools 2021-05-17T07:10:00+00:00 [queued]>
[2021-05-17 07:19:31,251] {taskinstance.py:851} INFO - Dependencies all met for <TaskInstance: etl_postgresql2mongo.install_tools 2021-05-17T07:10:00+00:00 [queued]>
[2021-05-17 07:19:31,252] {taskinstance.py:1042} INFO - 
--------------------------------------------------------------------------------
[2021-05-17 07:19:31,252] {taskinstance.py:1043} INFO - Starting attempt 1 of 1
[2021-05-17 07:19:31,252] {taskinstance.py:1044} INFO - 
--------------------------------------------------------------------------------
[2021-05-17 07:19:31,272] {taskinstance.py:1063} INFO - Executing <Task(PythonOperator): install_tools> on 2021-05-17T07:10:00+00:00
[2021-05-17 07:19:31,278] {standard_task_runner.py:52} INFO - Started process 63 to run task
[2021-05-17 07:19:31,283] {standard_task_runner.py:76} INFO - Running: ['airflow', 'tasks', 'run', 'etl_postgresql2mongo', 'install_tools', '2021-05-17T07:10:00+00:00', '--job-id', '15', '--pool', 'default_pool', '--raw', '--subdir', 'DAGS_FOLDER/csv_postgres_2_mongo.py', '--cfg-path', '/tmp/tmpd02gdarh', '--error-file', '/tmp/tmp6zsx0rx6']
[2021-05-17 07:19:31,283] {standard_task_runner.py:77} INFO - Job 15: Subtask install_tools
[2021-05-17 07:19:31,352] {logging_mixin.py:104} INFO - Running <TaskInstance: etl_postgresql2mongo.install_tools 2021-05-17T07:10:00+00:00 [running]> on host d0d96188f4f7
[2021-05-17 07:19:31,428] {taskinstance.py:1257} INFO - Exporting the following env vars:
AIRFLOW_CTX_DAG_OWNER=airflow
AIRFLOW_CTX_DAG_ID=etl_postgresql2mongo
AIRFLOW_CTX_TASK_ID=install_tools
AIRFLOW_CTX_EXECUTION_DATE=2021-05-17T07:10:00+00:00
AIRFLOW_CTX_DAG_RUN_ID=scheduled__2021-05-17T07:10:00+00:00
[2021-05-17 07:19:46,196] {python.py:118} INFO - Done. Returned value was: None
[2021-05-17 07:19:46,209] {taskinstance.py:1166} INFO - Marking task as SUCCESS. dag_id=etl_postgresql2mongo, task_id=install_tools, execution_date=20210517T071000, start_date=20210517T071931, end_date=20210517T071946
[2021-05-17 07:19:46,244] {taskinstance.py:1220} INFO - 1 downstream tasks scheduled from follow-on schedule check
[2021-05-17 07:19:46,253] {local_task_job.py:146} INFO - Task exited with return code 0
